2023-06-28 11:19:13,258 INFO o.a.j.u.JMeterUtils: Setting Locale to en_EN
2023-06-28 11:19:13,382 INFO o.a.j.JMeter: Loading user properties from: /usr/local/Cellar/jmeter/5.6/libexec/bin/user.properties
2023-06-28 11:19:13,383 INFO o.a.j.JMeter: Loading system properties from: /usr/local/Cellar/jmeter/5.6/libexec/bin/system.properties
2023-06-28 11:19:13,416 INFO o.a.j.JMeter: Copyright (c) 1998-2023 The Apache Software Foundation
2023-06-28 11:19:13,416 INFO o.a.j.JMeter: Version 5.6
2023-06-28 11:19:13,416 INFO o.a.j.JMeter: java.version=17.0.7
2023-06-28 11:19:13,417 INFO o.a.j.JMeter: java.vm.name=OpenJDK 64-Bit Server VM
2023-06-28 11:19:13,417 INFO o.a.j.JMeter: os.name=Mac OS X
2023-06-28 11:19:13,417 INFO o.a.j.JMeter: os.arch=x86_64
2023-06-28 11:19:13,417 INFO o.a.j.JMeter: os.version=11.7.6
2023-06-28 11:19:13,418 INFO o.a.j.JMeter: file.encoding=UTF-8
2023-06-28 11:19:13,418 INFO o.a.j.JMeter: java.awt.headless=null
2023-06-28 11:19:13,418 INFO o.a.j.JMeter: Max memory     =1073741824
2023-06-28 11:19:13,419 INFO o.a.j.JMeter: Available Processors =12
2023-06-28 11:19:13,468 INFO o.a.j.JMeter: Default Locale=English (EN)
2023-06-28 11:19:13,470 INFO o.a.j.JMeter: JMeter  Locale=English (EN)
2023-06-28 11:19:13,470 INFO o.a.j.JMeter: JMeterHome=/usr/local/Cellar/jmeter/5.6/libexec
2023-06-28 11:19:13,470 INFO o.a.j.JMeter: user.dir  =/Users/moizkachwala/Projects/nest-ui
2023-06-28 11:19:13,471 INFO o.a.j.JMeter: PWD       =/Users/moizkachwala/Projects/nest-ui
2023-06-28 11:19:13,490 INFO o.a.j.JMeter: IP: 192.168.0.164 Name: Moizs-MBP FullName: moizs-mbp
2023-06-28 11:19:13,563 INFO o.a.j.JMeter: Loaded icon properties from org/apache/jmeter/images/icon.properties
2023-06-28 11:19:18,340 INFO o.a.j.JMeterGuiLauncher: Setting LAF to: com.github.weisj.darklaf.DarkLaf:com.github.weisj.darklaf.theme.DarculaTheme
2023-06-28 11:19:29,620 INFO o.a.j.r.ClassFinder: Will scan jar /usr/local/Cellar/jmeter/5.6/libexec/lib/ext/jmeter-plugins-manager-1.9.jar with filter ExtendsClassFilter [parents=[interface org.apache.jmeter.gui.action.Command], inner=false, contains=null, notContains=null]. Consider exposing JMeter plugins via META-INF/services, and add JMeter-Skip-Class-Scanning=true manifest attribute so JMeter can skip classfile scanning
2023-06-28 11:19:30,354 INFO o.a.j.r.ClassFinder: Will scan jar /usr/local/Cellar/jmeter/5.6/libexec/lib/ext/jmeter-plugins-manager-1.9.jar with filter ExtendsClassFilter [parents=[interface org.apache.jmeter.gui.plugin.MenuCreator], inner=false, contains=null, notContains=null]. Consider exposing JMeter plugins via META-INF/services, and add JMeter-Skip-Class-Scanning=true manifest attribute so JMeter can skip classfile scanning
2023-06-28 11:19:30,850 INFO o.j.r.JARSourceHTTP: Requesting https://jmeter-plugins.org/repo/?installID=mac_os_x-9f0cd4800f03738e98c9abb5439708c4-gui
2023-06-28 11:19:36,419 INFO o.j.r.PluginManager: Plugins Status: [jpgc-plugins-manager=1.9, jmeter-core=5.6, jmeter-ftp=5.6, jmeter-http=5.6, jmeter-jdbc=5.6, jmeter-jms=5.6, jmeter-junit=5.6, jmeter-java=5.6, jmeter-ldap=5.6, jmeter-mail=5.6, jmeter-mongodb=5.6, jmeter-native=5.6, jmeter-tcp=5.6, jmeter-components=5.6]
2023-06-28 11:20:32,643 INFO o.a.j.s.FileServer: Default base='/Users/moizkachwala/Projects/nest-ui'
2023-06-28 11:20:32,646 INFO o.a.j.s.FileServer: Set new base='/Users/moizkachwala/Projects'
2023-06-28 11:20:33,184 INFO o.a.j.s.SaveService: Testplan (JMX) version: 2.2. Testlog (JTL) version: 2.2
2023-06-28 11:20:33,206 INFO o.a.j.s.SaveService: Using SaveService properties version 5.0
2023-06-28 11:20:33,212 INFO o.a.j.s.SaveService: Using SaveService properties file encoding UTF-8
2023-06-28 11:24:58,760 INFO o.a.j.p.h.s.HTTPSamplerBase: Parser for text/html is org.apache.jmeter.protocol.http.parser.LagartoBasedHtmlParser
2023-06-28 11:24:58,761 INFO o.a.j.p.h.s.HTTPSamplerBase: Parser for application/xhtml+xml is org.apache.jmeter.protocol.http.parser.LagartoBasedHtmlParser
2023-06-28 11:24:58,772 INFO o.a.j.p.h.s.HTTPSamplerBase: Parser for application/xml is org.apache.jmeter.protocol.http.parser.LagartoBasedHtmlParser
2023-06-28 11:24:58,773 INFO o.a.j.p.h.s.HTTPSamplerBase: Parser for text/xml is org.apache.jmeter.protocol.http.parser.LagartoBasedHtmlParser
2023-06-28 11:24:58,774 INFO o.a.j.p.h.s.HTTPSamplerBase: Parser for text/vnd.wap.wml is org.apache.jmeter.protocol.http.parser.RegexpHTMLParser
2023-06-28 11:24:58,775 INFO o.a.j.p.h.s.HTTPSamplerBase: Parser for text/css is org.apache.jmeter.protocol.http.parser.CssParser
2023-06-28 11:28:03,397 INFO o.a.j.e.StandardJMeterEngine: Running the test!
2023-06-28 11:28:03,400 INFO o.a.j.s.SampleEvent: List of sample_variables: []
2023-06-28 11:28:03,400 INFO o.a.j.s.SampleEvent: List of sample_variables: []
2023-06-28 11:28:03,403 INFO o.a.j.e.u.CompoundVariable: Note: Function class names must contain the string: '.functions.'
2023-06-28 11:28:03,403 INFO o.a.j.e.u.CompoundVariable: Note: Function class names must not contain the string: '.gui.'
2023-06-28 11:28:03,726 INFO o.a.j.r.ClassFinder: Will scan jar /usr/local/Cellar/jmeter/5.6/libexec/lib/ext/jmeter-plugins-manager-1.9.jar with filter ExtendsClassFilter [parents=[interface org.apache.jmeter.functions.Function], inner=false, contains=null, notContains=null]. Consider exposing JMeter plugins via META-INF/services, and add JMeter-Skip-Class-Scanning=true manifest attribute so JMeter can skip classfile scanning
2023-06-28 11:28:03,755 INFO o.a.j.g.u.JMeterMenuBar: setRunning(true, *local*)
2023-06-28 11:28:03,953 INFO o.a.j.e.StandardJMeterEngine: Starting ThreadGroup: 1 : Thread Group
2023-06-28 11:28:03,954 INFO o.a.j.e.StandardJMeterEngine: Starting 1 threads for group Thread Group.
2023-06-28 11:28:03,955 INFO o.a.j.e.StandardJMeterEngine: Thread will continue on error
2023-06-28 11:28:03,956 INFO o.a.j.t.ThreadGroup: Starting thread group... number=1 threads=1 ramp-up=1 delayedStart=false
2023-06-28 11:28:03,974 INFO o.a.j.t.ThreadGroup: Started thread group number 1
2023-06-28 11:28:03,975 INFO o.a.j.e.StandardJMeterEngine: All thread groups have been started
2023-06-28 11:28:03,976 INFO o.a.j.t.JMeterThread: Thread started: Thread Group 1-1
2023-06-28 11:28:04,025 INFO o.a.j.p.h.s.HTTPHCAbstractImpl: Local host = Moizs-MBP
2023-06-28 11:28:04,054 INFO o.a.j.p.h.s.HTTPHC4Impl: HTTP request retry count = 0
2023-06-28 11:28:04,057 INFO o.a.j.s.SampleResult: Note: Sample TimeStamps are START times
2023-06-28 11:28:04,058 INFO o.a.j.s.SampleResult: sampleresult.default.encoding is set to ISO-8859-1
2023-06-28 11:28:04,058 INFO o.a.j.s.SampleResult: sampleresult.useNanoTime=true
2023-06-28 11:28:04,058 INFO o.a.j.s.SampleResult: sampleresult.nanoThreadSleep=5000
2023-06-28 11:28:04,449 INFO o.a.j.p.h.s.h.LazyLayeredConnectionSocketFactory: Setting up HTTPS TrustAll Socket Factory
2023-06-28 11:28:04,454 INFO o.a.j.u.JsseSSLManager: Using default SSL protocol: TLS
2023-06-28 11:28:04,455 INFO o.a.j.u.JsseSSLManager: SSL session context: per-thread
2023-06-28 11:28:04,677 INFO o.a.j.u.SSLManager: JmeterKeyStore Location:  type JKS
2023-06-28 11:28:04,679 INFO o.a.j.u.SSLManager: KeyStore created OK
2023-06-28 11:28:04,679 WARN o.a.j.u.SSLManager: Keystore file not found, loading empty keystore
2023-06-28 11:28:08,888 INFO o.a.j.t.JMeterThread: Thread is done: Thread Group 1-1
2023-06-28 11:28:08,899 INFO o.a.j.t.JMeterThread: Thread finished: Thread Group 1-1
2023-06-28 11:28:08,905 INFO o.a.j.e.StandardJMeterEngine: Notifying test listeners of end of test
2023-06-28 11:28:08,907 INFO o.a.j.g.u.JMeterMenuBar: setRunning(false, *local*)
2023-06-28 11:29:34,300 INFO o.a.j.e.StandardJMeterEngine: Running the test!
2023-06-28 11:29:34,301 INFO o.a.j.s.SampleEvent: List of sample_variables: []
2023-06-28 11:29:34,302 INFO o.a.j.g.u.JMeterMenuBar: setRunning(true, *local*)
2023-06-28 11:29:34,377 INFO o.a.j.e.StandardJMeterEngine: Starting ThreadGroup: 1 : Thread Group
2023-06-28 11:29:34,378 INFO o.a.j.e.StandardJMeterEngine: Starting 1 threads for group Thread Group.
2023-06-28 11:29:34,378 INFO o.a.j.e.StandardJMeterEngine: Thread will continue on error
2023-06-28 11:29:34,378 INFO o.a.j.t.ThreadGroup: Starting thread group... number=1 threads=1 ramp-up=1 delayedStart=false
2023-06-28 11:29:34,379 INFO o.a.j.t.ThreadGroup: Started thread group number 1
2023-06-28 11:29:34,380 INFO o.a.j.e.StandardJMeterEngine: All thread groups have been started
2023-06-28 11:29:34,380 INFO o.a.j.t.JMeterThread: Thread started: Thread Group 1-1
2023-06-28 11:29:38,478 INFO o.a.j.t.JMeterThread: Thread is done: Thread Group 1-1
2023-06-28 11:29:38,478 INFO o.a.j.t.JMeterThread: Thread finished: Thread Group 1-1
2023-06-28 11:29:38,480 INFO o.a.j.e.StandardJMeterEngine: Notifying test listeners of end of test
2023-06-28 11:29:38,480 INFO o.a.j.g.u.JMeterMenuBar: setRunning(false, *local*)
2023-06-28 11:33:48,022 INFO o.a.j.e.StandardJMeterEngine: Running the test!
2023-06-28 11:33:48,024 INFO o.a.j.s.SampleEvent: List of sample_variables: []
2023-06-28 11:33:48,026 INFO o.a.j.g.u.JMeterMenuBar: setRunning(true, *local*)
2023-06-28 11:33:48,101 INFO o.a.j.e.StandardJMeterEngine: Starting ThreadGroup: 1 : Thread Group
2023-06-28 11:33:48,101 INFO o.a.j.e.StandardJMeterEngine: Starting 10 threads for group Thread Group.
2023-06-28 11:33:48,101 INFO o.a.j.e.StandardJMeterEngine: Thread will continue on error
2023-06-28 11:33:48,102 INFO o.a.j.t.ThreadGroup: Starting thread group... number=1 threads=10 ramp-up=10 delayedStart=false
2023-06-28 11:33:48,103 INFO o.a.j.t.JMeterThread: Thread started: Thread Group 1-1
2023-06-28 11:33:48,112 INFO o.a.j.t.ThreadGroup: Started thread group number 1
2023-06-28 11:33:48,113 INFO o.a.j.e.StandardJMeterEngine: All thread groups have been started
2023-06-28 11:33:49,106 INFO o.a.j.t.JMeterThread: Thread started: Thread Group 1-2
2023-06-28 11:33:50,106 INFO o.a.j.t.JMeterThread: Thread started: Thread Group 1-3
2023-06-28 11:33:51,105 INFO o.a.j.t.JMeterThread: Thread started: Thread Group 1-4
2023-06-28 11:33:52,106 INFO o.a.j.t.JMeterThread: Thread started: Thread Group 1-5
2023-06-28 11:33:52,689 INFO o.a.j.t.JMeterThread: Thread is done: Thread Group 1-3
2023-06-28 11:33:52,689 INFO o.a.j.t.JMeterThread: Thread finished: Thread Group 1-3
2023-06-28 11:33:52,756 INFO o.a.j.t.JMeterThread: Thread is done: Thread Group 1-1
2023-06-28 11:33:52,757 INFO o.a.j.t.JMeterThread: Thread finished: Thread Group 1-1
2023-06-28 11:33:52,783 INFO o.a.j.t.JMeterThread: Thread is done: Thread Group 1-2
2023-06-28 11:33:52,783 INFO o.a.j.t.JMeterThread: Thread finished: Thread Group 1-2
2023-06-28 11:33:53,106 INFO o.a.j.t.JMeterThread: Thread started: Thread Group 1-6
2023-06-28 11:33:54,105 INFO o.a.j.t.JMeterThread: Thread started: Thread Group 1-7
2023-06-28 11:33:54,111 INFO o.a.j.t.JMeterThread: Thread is done: Thread Group 1-5
2023-06-28 11:33:54,111 INFO o.a.j.t.JMeterThread: Thread finished: Thread Group 1-5
2023-06-28 11:33:55,105 INFO o.a.j.t.JMeterThread: Thread started: Thread Group 1-8
2023-06-28 11:33:55,585 INFO o.a.j.t.JMeterThread: Thread is done: Thread Group 1-4
2023-06-28 11:33:55,585 INFO o.a.j.t.JMeterThread: Thread finished: Thread Group 1-4
2023-06-28 11:33:56,096 INFO o.a.j.t.JMeterThread: Thread is done: Thread Group 1-7
2023-06-28 11:33:56,096 INFO o.a.j.t.JMeterThread: Thread finished: Thread Group 1-7
2023-06-28 11:33:56,103 INFO o.a.j.t.JMeterThread: Thread started: Thread Group 1-9
2023-06-28 11:33:57,106 INFO o.a.j.t.JMeterThread: Thread started: Thread Group 1-10
2023-06-28 11:33:57,321 INFO o.a.j.t.JMeterThread: Thread is done: Thread Group 1-8
2023-06-28 11:33:57,322 INFO o.a.j.t.JMeterThread: Thread finished: Thread Group 1-8
2023-06-28 11:33:57,343 INFO o.a.j.t.JMeterThread: Thread is done: Thread Group 1-6
2023-06-28 11:33:57,343 INFO o.a.j.t.JMeterThread: Thread finished: Thread Group 1-6
2023-06-28 11:33:58,095 INFO o.a.j.t.JMeterThread: Thread is done: Thread Group 1-9
2023-06-28 11:33:58,095 INFO o.a.j.t.JMeterThread: Thread finished: Thread Group 1-9
2023-06-28 11:33:59,084 INFO o.a.j.t.JMeterThread: Thread is done: Thread Group 1-10
2023-06-28 11:33:59,084 INFO o.a.j.t.JMeterThread: Thread finished: Thread Group 1-10
2023-06-28 11:33:59,085 INFO o.a.j.e.StandardJMeterEngine: Notifying test listeners of end of test
2023-06-28 11:33:59,086 INFO o.a.j.g.u.JMeterMenuBar: setRunning(false, *local*)
2023-06-28 11:36:56,198 INFO o.a.j.e.StandardJMeterEngine: Running the test!
2023-06-28 11:36:56,209 INFO o.a.j.s.SampleEvent: List of sample_variables: []
2023-06-28 11:36:56,211 INFO o.a.j.g.u.JMeterMenuBar: setRunning(true, *local*)
2023-06-28 11:36:56,395 INFO o.a.j.e.StandardJMeterEngine: Starting ThreadGroup: 1 : Thread Group
2023-06-28 11:36:56,396 INFO o.a.j.e.StandardJMeterEngine: Starting 1 threads for group Thread Group.
2023-06-28 11:36:56,397 INFO o.a.j.e.StandardJMeterEngine: Thread will continue on error
2023-06-28 11:36:56,398 INFO o.a.j.t.ThreadGroup: Starting thread group... number=1 threads=1 ramp-up=1 delayedStart=false
2023-06-28 11:36:56,400 INFO o.a.j.t.ThreadGroup: Started thread group number 1
2023-06-28 11:36:56,400 INFO o.a.j.e.StandardJMeterEngine: All thread groups have been started
2023-06-28 11:36:56,400 INFO o.a.j.t.JMeterThread: Thread started: Thread Group 1-1
2023-06-28 11:37:00,531 INFO o.a.j.t.JMeterThread: Thread is done: Thread Group 1-1
2023-06-28 11:37:00,532 INFO o.a.j.t.JMeterThread: Thread finished: Thread Group 1-1
2023-06-28 11:37:00,535 INFO o.a.j.e.StandardJMeterEngine: Notifying test listeners of end of test
2023-06-28 11:37:00,535 INFO o.a.j.g.u.JMeterMenuBar: setRunning(false, *local*)
2023-06-28 11:37:50,091 INFO o.a.j.e.StandardJMeterEngine: Running the test!
2023-06-28 11:37:50,093 INFO o.a.j.s.SampleEvent: List of sample_variables: []
2023-06-28 11:37:50,094 INFO o.a.j.g.u.JMeterMenuBar: setRunning(true, *local*)
2023-06-28 11:37:50,292 INFO o.a.j.e.StandardJMeterEngine: Starting ThreadGroup: 1 : Thread Group
2023-06-28 11:37:50,293 INFO o.a.j.e.StandardJMeterEngine: Starting 1 threads for group Thread Group.
2023-06-28 11:37:50,293 INFO o.a.j.e.StandardJMeterEngine: Thread will continue on error
2023-06-28 11:37:50,294 INFO o.a.j.t.ThreadGroup: Starting thread group... number=1 threads=1 ramp-up=1 delayedStart=false
2023-06-28 11:37:50,296 INFO o.a.j.t.ThreadGroup: Started thread group number 1
2023-06-28 11:37:50,297 INFO o.a.j.e.StandardJMeterEngine: All thread groups have been started
2023-06-28 11:37:50,296 INFO o.a.j.t.JMeterThread: Thread started: Thread Group 1-1
2023-06-28 11:37:54,463 INFO o.a.j.t.JMeterThread: Thread is done: Thread Group 1-1
2023-06-28 11:37:54,464 INFO o.a.j.t.JMeterThread: Thread finished: Thread Group 1-1
2023-06-28 11:37:54,466 INFO o.a.j.e.StandardJMeterEngine: Notifying test listeners of end of test
2023-06-28 11:37:54,467 INFO o.a.j.g.u.JMeterMenuBar: setRunning(false, *local*)
